<?xml version="1.0" encoding="UTF-8"?>
<testsuite name="uTest Registration" tests="1" skipped="0" failures="1" errors="0" timestamp="2022-01-11T16:04:04" hostname="LAPTOP-KEUA4AQO" time="55.04">
  <properties/>
  <testcase name="Sign up to uTest" classname="uTest Registration" time="55.04">
    <failure message="java.lang.AssertionError: Status no equals, expect &quot;%s&quot;, actual &quot;%s&quot; - &#10;Expected: is &quot;Welcome to the world's  community of freelance software testers!&quot;&#10;     but: was &quot;Welcome to the world's largest community of freelance software testers!&quot;" type="java.lang.AssertionError">java.lang.AssertionError: Status no equals, expect &quot;%s&quot;, actual &quot;%s&quot; - 
Expected: is &quot;Welcome to the world's  community of freelance software testers!&quot;
     but: was &quot;Welcome to the world's largest community of freelance software testers!&quot;
	at net.serenitybdd.screenplay.ErrorTally.throwSummaryExceptionFrom(ErrorTally.java:36)
	at net.serenitybdd.screenplay.ErrorTally.reportAnyErrors(ErrorTally.java:30)
	at net.serenitybdd.screenplay.Actor.should(Actor.java:301)
	at stepdefinitions.UTestRegStepDefinitions.heHasRegisteredOnTheWebsiteAndReceivesAMessage(UTestRegStepDefinitions.java:50)
	at ✽.he has registered on the website and receives a message Welcome to the world's  community of freelance software testers!(src/test/resources/features/uTestReg.feature:11)
</failure>
  </testcase>
  <system-out><![CDATA[]]></system-out>
  <system-err><![CDATA[[Test worker] WARN net.thucydides.core.steps.BaseStepListener - stepStarted: net.thucydides.core.steps.ExecutedStepDescription@4e43391f
[Test worker] WARN net.thucydides.core.steps.BaseStepListener - stepStarted: net.thucydides.core.steps.ExecutedStepDescription@3a5d97ad
[Test worker] WARN net.thucydides.core.steps.BaseStepListener - stepStarted: net.thucydides.core.steps.ExecutedStepDescription@4f6168e4
ene 11, 2022 11:04:04 AM org.openqa.selenium.remote.DesiredCapabilities chrome
INFORMACIÓN: Using `new ChromeOptions()` is preferred to `DesiredCapabilities.chrome()`
[Test worker] INFO net.serenitybdd.core.webdriver.driverproviders.ProvideNewDriver - Instantiating driver
[Test worker] INFO net.serenitybdd.core.webdriver.driverproviders.ProvideNewDriver - Driver capabilities: Capabilities {acceptInsecureCerts: false, browserName: chrome, chrome.switches: --start-maximized, goog:chromeOptions: {args: [--start-maximized], extensions: []}, loggingPrefs: org.openqa.selenium.logging..., platform: ANY, version: }
Starting ChromeDriver 96.0.4664.45 (76e4c1bb2ab4671b8beba3444e61c0f17584b2fc-refs/branch-heads/4664@{#947}) on port 42515
Only local connections are allowed.
Please see https://chromedriver.chromium.org/security-considerations for suggestions on keeping ChromeDriver safe.
ChromeDriver was started successfully.
[1641917048.279][WARNING]: This version of ChromeDriver has not been tested with Chrome version 97.
ene 11, 2022 11:04:08 AM org.openqa.selenium.remote.ProtocolHandshake createSession
INFORMACIÓN: Detected dialect: W3C
[Test worker] WARN net.thucydides.core.steps.BaseStepListener - stepFinished: current outcome:Sign up to uTest:Example: {strFirstName=Juan David, strLastName=Botero, strEmail=soundga337@yahoo.es, strMonthOfBirth=number:1, strDayOfBirth=12, strYearOfBirth=1999, strLanguages=Albanian,Spanish, strCity=Col Bello Antioquia, Colombia, strCodPostal=051050, strMobileDevice=Samsung, strModel=Reality, strOS=BREW, strPassword=Martinez1985++, strConfirmPassword=Martinez1985++} [Given than Juan wants to sign up to the uTest site [Juan open up [Juan opens the U test page]]]
[Test worker] WARN net.thucydides.core.steps.BaseStepListener - stepStarted: net.thucydides.core.steps.ExecutedStepDescription@1ddd4619
[Test worker] WARN net.thucydides.core.steps.BaseStepListener - stepFinished: current outcome:Sign up to uTest:Example: {strFirstName=Juan David, strLastName=Botero, strEmail=soundga337@yahoo.es, strMonthOfBirth=number:1, strDayOfBirth=12, strYearOfBirth=1999, strLanguages=Albanian,Spanish, strCity=Col Bello Antioquia, Colombia, strCodPostal=051050, strMobileDevice=Samsung, strModel=Reality, strOS=BREW, strPassword=Martinez1985++, strConfirmPassword=Martinez1985++} [Given than Juan wants to sign up to the uTest site [Juan open up [Juan opens the U test page, Juan clicks on Button that shows us the signup form]]]
[Test worker] WARN net.thucydides.core.steps.BaseStepListener - stepFinished: current outcome:Sign up to uTest:Example: {strFirstName=Juan David, strLastName=Botero, strEmail=soundga337@yahoo.es, strMonthOfBirth=number:1, strDayOfBirth=12, strYearOfBirth=1999, strLanguages=Albanian,Spanish, strCity=Col Bello Antioquia, Colombia, strCodPostal=051050, strMobileDevice=Samsung, strModel=Reality, strOS=BREW, strPassword=Martinez1985++, strConfirmPassword=Martinez1985++} [Given than Juan wants to sign up to the uTest site [Juan open up [Juan opens the U test page, Juan clicks on Button that shows us the signup form]]]
[Test worker] WARN net.thucydides.core.steps.BaseStepListener - stepFinished: current outcome:Sign up to uTest:Example: {strFirstName=Juan David, strLastName=Botero, strEmail=soundga337@yahoo.es, strMonthOfBirth=number:1, strDayOfBirth=12, strYearOfBirth=1999, strLanguages=Albanian,Spanish, strCity=Col Bello Antioquia, Colombia, strCodPostal=051050, strMobileDevice=Samsung, strModel=Reality, strOS=BREW, strPassword=Martinez1985++, strConfirmPassword=Martinez1985++} [Given than Juan wants to sign up to the uTest site [Juan open up [Juan opens the U test page, Juan clicks on Button that shows us the signup form]]]
[Test worker] WARN net.thucydides.core.steps.BaseStepListener - stepStarted: net.thucydides.core.steps.ExecutedStepDescription@2b308e67
[Test worker] WARN net.thucydides.core.steps.BaseStepListener - stepStarted: net.thucydides.core.steps.ExecutedStepDescription@6686a009
[Test worker] WARN net.thucydides.core.steps.BaseStepListener - stepStarted: net.thucydides.core.steps.ExecutedStepDescription@4ca66961
[Test worker] WARN net.thucydides.core.steps.BaseStepListener - stepFinished: current outcome:Sign up to uTest:Example: {strFirstName=Juan David, strLastName=Botero, strEmail=soundga337@yahoo.es, strMonthOfBirth=number:1, strDayOfBirth=12, strYearOfBirth=1999, strLanguages=Albanian,Spanish, strCity=Col Bello Antioquia, Colombia, strCodPostal=051050, strMobileDevice=Samsung, strModel=Reality, strOS=BREW, strPassword=Martinez1985++, strConfirmPassword=Martinez1985++} [Given than Juan wants to sign up to the uTest site [Juan open up [Juan opens the U test page, Juan clicks on Button that shows us the signup form]], When he fills out the signup form
| strFirstName | strLastName | strEmail | strMonthOfBirth | strDayOfBirth | strYearOfBirth | strLanguages | strCity | strCodPostal | strMobileDevice | strModel | strOS | strPassword | strConfirmPassword |
| Juan David | Botero | soundga337@yahoo.es | number:1 | 12 | 1999 | Albanian,Spanish | Col Bello Antioquia, Colombia | 051050 | Samsung | Reality | BREW | Martinez1985++ | Martinez1985++ | [Juan registration one [Juan enters 'Juan David' into Where the user writes their first name]]]
[Test worker] WARN net.thucydides.core.steps.BaseStepListener - stepStarted: net.thucydides.core.steps.ExecutedStepDescription@53d69677
[Test worker] WARN net.thucydides.core.steps.BaseStepListener - stepFinished: current outcome:Sign up to uTest:Example: {strFirstName=Juan David, strLastName=Botero, strEmail=soundga337@yahoo.es, strMonthOfBirth=number:1, strDayOfBirth=12, strYearOfBirth=1999, strLanguages=Albanian,Spanish, strCity=Col Bello Antioquia, Colombia, strCodPostal=051050, strMobileDevice=Samsung, strModel=Reality, strOS=BREW, strPassword=Martinez1985++, strConfirmPassword=Martinez1985++} [Given than Juan wants to sign up to the uTest site [Juan open up [Juan opens the U test page, Juan clicks on Button that shows us the signup form]], When he fills out the signup form
| strFirstName | strLastName | strEmail | strMonthOfBirth | strDayOfBirth | strYearOfBirth | strLanguages | strCity | strCodPostal | strMobileDevice | strModel | strOS | strPassword | strConfirmPassword |
| Juan David | Botero | soundga337@yahoo.es | number:1 | 12 | 1999 | Albanian,Spanish | Col Bello Antioquia, Colombia | 051050 | Samsung | Reality | BREW | Martinez1985++ | Martinez1985++ | [Juan registration one [Juan enters 'Juan David' into Where the user writes their first name, Juan enters 'Botero' into Where the user writes their last name]]]
[Test worker] WARN net.thucydides.core.steps.BaseStepListener - stepStarted: net.thucydides.core.steps.ExecutedStepDescription@7af3ea4d
[Test worker] WARN net.thucydides.core.steps.BaseStepListener - stepFinished: current outcome:Sign up to uTest:Example: {strFirstName=Juan David, strLastName=Botero, strEmail=soundga337@yahoo.es, strMonthOfBirth=number:1, strDayOfBirth=12, strYearOfBirth=1999, strLanguages=Albanian,Spanish, strCity=Col Bello Antioquia, Colombia, strCodPostal=051050, strMobileDevice=Samsung, strModel=Reality, strOS=BREW, strPassword=Martinez1985++, strConfirmPassword=Martinez1985++} [Given than Juan wants to sign up to the uTest site [Juan open up [Juan opens the U test page, Juan clicks on Button that shows us the signup form]], When he fills out the signup form
| strFirstName | strLastName | strEmail | strMonthOfBirth | strDayOfBirth | strYearOfBirth | strLanguages | strCity | strCodPostal | strMobileDevice | strModel | strOS | strPassword | strConfirmPassword |
| Juan David | Botero | soundga337@yahoo.es | number:1 | 12 | 1999 | Albanian,Spanish | Col Bello Antioquia, Colombia | 051050 | Samsung | Reality | BREW | Martinez1985++ | Martinez1985++ | [Juan registration one [Juan enters 'Juan David' into Where the user writes their first name, Juan enters 'Botero' into Where the user writes their last name, Juan enters 'soundga337@yahoo.es' into Where the user writes their email]]]
[Test worker] WARN net.thucydides.core.steps.BaseStepListener - stepStarted: net.thucydides.core.steps.ExecutedStepDescription@4d880ab7
[Test worker] WARN net.thucydides.core.steps.BaseStepListener - stepFinished: current outcome:Sign up to uTest:Example: {strFirstName=Juan David, strLastName=Botero, strEmail=soundga337@yahoo.es, strMonthOfBirth=number:1, strDayOfBirth=12, strYearOfBirth=1999, strLanguages=Albanian,Spanish, strCity=Col Bello Antioquia, Colombia, strCodPostal=051050, strMobileDevice=Samsung, strModel=Reality, strOS=BREW, strPassword=Martinez1985++, strConfirmPassword=Martinez1985++} [Given than Juan wants to sign up to the uTest site [Juan open up [Juan opens the U test page, Juan clicks on Button that shows us the signup form]], When he fills out the signup form
| strFirstName | strLastName | strEmail | strMonthOfBirth | strDayOfBirth | strYearOfBirth | strLanguages | strCity | strCodPostal | strMobileDevice | strModel | strOS | strPassword | strConfirmPassword |
| Juan David | Botero | soundga337@yahoo.es | number:1 | 12 | 1999 | Albanian,Spanish | Col Bello Antioquia, Colombia | 051050 | Samsung | Reality | BREW | Martinez1985++ | Martinez1985++ | [Juan registration one [Juan enters 'Juan David' into Where the user writes their first name, Juan enters 'Botero' into Where the user writes their last name, Juan enters 'soundga337@yahoo.es' into Where the user writes their email, Juan enters 'number:1' into Where the user selects their birth month]]]
[Test worker] WARN net.thucydides.core.steps.BaseStepListener - stepStarted: net.thucydides.core.steps.ExecutedStepDescription@25fabda0
[Test worker] WARN net.thucydides.core.steps.BaseStepListener - stepFinished: current outcome:Sign up to uTest:Example: {strFirstName=Juan David, strLastName=Botero, strEmail=soundga337@yahoo.es, strMonthOfBirth=number:1, strDayOfBirth=12, strYearOfBirth=1999, strLanguages=Albanian,Spanish, strCity=Col Bello Antioquia, Colombia, strCodPostal=051050, strMobileDevice=Samsung, strModel=Reality, strOS=BREW, strPassword=Martinez1985++, strConfirmPassword=Martinez1985++} [Given than Juan wants to sign up to the uTest site [Juan open up [Juan opens the U test page, Juan clicks on Button that shows us the signup form]], When he fills out the signup form
| strFirstName | strLastName | strEmail | strMonthOfBirth | strDayOfBirth | strYearOfBirth | strLanguages | strCity | strCodPostal | strMobileDevice | strModel | strOS | strPassword | strConfirmPassword |
| Juan David | Botero | soundga337@yahoo.es | number:1 | 12 | 1999 | Albanian,Spanish | Col Bello Antioquia, Colombia | 051050 | Samsung | Reality | BREW | Martinez1985++ | Martinez1985++ | [Juan registration one [Juan enters 'Juan David' into Where the user writes their first name, Juan enters 'Botero' into Where the user writes their last name, Juan enters 'soundga337@yahoo.es' into Where the user writes their email, Juan enters 'number:1' into Where the user selects their birth month, Juan enters '12' into Where the user writes their birth day]]]
[Test worker] WARN net.thucydides.core.steps.BaseStepListener - stepStarted: net.thucydides.core.steps.ExecutedStepDescription@5638687b
[Test worker] WARN net.thucydides.core.steps.BaseStepListener - stepFinished: current outcome:Sign up to uTest:Example: {strFirstName=Juan David, strLastName=Botero, strEmail=soundga337@yahoo.es, strMonthOfBirth=number:1, strDayOfBirth=12, strYearOfBirth=1999, strLanguages=Albanian,Spanish, strCity=Col Bello Antioquia, Colombia, strCodPostal=051050, strMobileDevice=Samsung, strModel=Reality, strOS=BREW, strPassword=Martinez1985++, strConfirmPassword=Martinez1985++} [Given than Juan wants to sign up to the uTest site [Juan open up [Juan opens the U test page, Juan clicks on Button that shows us the signup form]], When he fills out the signup form
| strFirstName | strLastName | strEmail | strMonthOfBirth | strDayOfBirth | strYearOfBirth | strLanguages | strCity | strCodPostal | strMobileDevice | strModel | strOS | strPassword | strConfirmPassword |
| Juan David | Botero | soundga337@yahoo.es | number:1 | 12 | 1999 | Albanian,Spanish | Col Bello Antioquia, Colombia | 051050 | Samsung | Reality | BREW | Martinez1985++ | Martinez1985++ | [Juan registration one [Juan enters 'Juan David' into Where the user writes their first name, Juan enters 'Botero' into Where the user writes their last name, Juan enters 'soundga337@yahoo.es' into Where the user writes their email, Juan enters 'number:1' into Where the user selects their birth month, Juan enters '12' into Where the user writes their birth day, Juan enters '1999' into Where the user writes their birth year]]]
[Test worker] WARN net.thucydides.core.steps.BaseStepListener - stepStarted: net.thucydides.core.steps.ExecutedStepDescription@2b8c7973
[Test worker] WARN net.thucydides.core.steps.BaseStepListener - stepFinished: current outcome:Sign up to uTest:Example: {strFirstName=Juan David, strLastName=Botero, strEmail=soundga337@yahoo.es, strMonthOfBirth=number:1, strDayOfBirth=12, strYearOfBirth=1999, strLanguages=Albanian,Spanish, strCity=Col Bello Antioquia, Colombia, strCodPostal=051050, strMobileDevice=Samsung, strModel=Reality, strOS=BREW, strPassword=Martinez1985++, strConfirmPassword=Martinez1985++} [Given than Juan wants to sign up to the uTest site [Juan open up [Juan opens the U test page, Juan clicks on Button that shows us the signup form]], When he fills out the signup form
| strFirstName | strLastName | strEmail | strMonthOfBirth | strDayOfBirth | strYearOfBirth | strLanguages | strCity | strCodPostal | strMobileDevice | strModel | strOS | strPassword | strConfirmPassword |
| Juan David | Botero | soundga337@yahoo.es | number:1 | 12 | 1999 | Albanian,Spanish | Col Bello Antioquia, Colombia | 051050 | Samsung | Reality | BREW | Martinez1985++ | Martinez1985++ | [Juan registration one [Juan enters 'Juan David' into Where the user writes their first name, Juan enters 'Botero' into Where the user writes their last name, Juan enters 'soundga337@yahoo.es' into Where the user writes their email, Juan enters 'number:1' into Where the user selects their birth month, Juan enters '12' into Where the user writes their birth day, Juan enters '1999' into Where the user writes their birth year, Juan clicks on Lenguages div]]]
[Test worker] WARN net.thucydides.core.steps.BaseStepListener - stepStarted: net.thucydides.core.steps.ExecutedStepDescription@6b848ce4
[Test worker] WARN net.thucydides.core.steps.BaseStepListener - stepFinished: current outcome:Sign up to uTest:Example: {strFirstName=Juan David, strLastName=Botero, strEmail=soundga337@yahoo.es, strMonthOfBirth=number:1, strDayOfBirth=12, strYearOfBirth=1999, strLanguages=Albanian,Spanish, strCity=Col Bello Antioquia, Colombia, strCodPostal=051050, strMobileDevice=Samsung, strModel=Reality, strOS=BREW, strPassword=Martinez1985++, strConfirmPassword=Martinez1985++} [Given than Juan wants to sign up to the uTest site [Juan open up [Juan opens the U test page, Juan clicks on Button that shows us the signup form]], When he fills out the signup form
| strFirstName | strLastName | strEmail | strMonthOfBirth | strDayOfBirth | strYearOfBirth | strLanguages | strCity | strCodPostal | strMobileDevice | strModel | strOS | strPassword | strConfirmPassword |
| Juan David | Botero | soundga337@yahoo.es | number:1 | 12 | 1999 | Albanian,Spanish | Col Bello Antioquia, Colombia | 051050 | Samsung | Reality | BREW | Martinez1985++ | Martinez1985++ | [Juan registration one [Juan enters 'Juan David' into Where the user writes their first name, Juan enters 'Botero' into Where the user writes their last name, Juan enters 'soundga337@yahoo.es' into Where the user writes their email, Juan enters 'number:1' into Where the user selects their birth month, Juan enters '12' into Where the user writes their birth day, Juan enters '1999' into Where the user writes their birth year, Juan clicks on Lenguages div, Juan clicks on Specific language option]]]
[Test worker] WARN net.thucydides.core.steps.BaseStepListener - stepStarted: net.thucydides.core.steps.ExecutedStepDescription@1ef6c0e0
[Test worker] WARN net.thucydides.core.steps.BaseStepListener - stepFinished: current outcome:Sign up to uTest:Example: {strFirstName=Juan David, strLastName=Botero, strEmail=soundga337@yahoo.es, strMonthOfBirth=number:1, strDayOfBirth=12, strYearOfBirth=1999, strLanguages=Albanian,Spanish, strCity=Col Bello Antioquia, Colombia, strCodPostal=051050, strMobileDevice=Samsung, strModel=Reality, strOS=BREW, strPassword=Martinez1985++, strConfirmPassword=Martinez1985++} [Given than Juan wants to sign up to the uTest site [Juan open up [Juan opens the U test page, Juan clicks on Button that shows us the signup form]], When he fills out the signup form
| strFirstName | strLastName | strEmail | strMonthOfBirth | strDayOfBirth | strYearOfBirth | strLanguages | strCity | strCodPostal | strMobileDevice | strModel | strOS | strPassword | strConfirmPassword |
| Juan David | Botero | soundga337@yahoo.es | number:1 | 12 | 1999 | Albanian,Spanish | Col Bello Antioquia, Colombia | 051050 | Samsung | Reality | BREW | Martinez1985++ | Martinez1985++ | [Juan registration one [Juan enters 'Juan David' into Where the user writes their first name, Juan enters 'Botero' into Where the user writes their last name, Juan enters 'soundga337@yahoo.es' into Where the user writes their email, Juan enters 'number:1' into Where the user selects their birth month, Juan enters '12' into Where the user writes their birth day, Juan enters '1999' into Where the user writes their birth year, Juan clicks on Lenguages div, Juan clicks on Specific language option, Juan clicks on Lenguages div]]]
[Test worker] WARN net.thucydides.core.steps.BaseStepListener - stepStarted: net.thucydides.core.steps.ExecutedStepDescription@8a061fc
[Test worker] WARN net.thucydides.core.steps.BaseStepListener - stepFinished: current outcome:Sign up to uTest:Example: {strFirstName=Juan David, strLastName=Botero, strEmail=soundga337@yahoo.es, strMonthOfBirth=number:1, strDayOfBirth=12, strYearOfBirth=1999, strLanguages=Albanian,Spanish, strCity=Col Bello Antioquia, Colombia, strCodPostal=051050, strMobileDevice=Samsung, strModel=Reality, strOS=BREW, strPassword=Martinez1985++, strConfirmPassword=Martinez1985++} [Given than Juan wants to sign up to the uTest site [Juan open up [Juan opens the U test page, Juan clicks on Button that shows us the signup form]], When he fills out the signup form
| strFirstName | strLastName | strEmail | strMonthOfBirth | strDayOfBirth | strYearOfBirth | strLanguages | strCity | strCodPostal | strMobileDevice | strModel | strOS | strPassword | strConfirmPassword |
| Juan David | Botero | soundga337@yahoo.es | number:1 | 12 | 1999 | Albanian,Spanish | Col Bello Antioquia, Colombia | 051050 | Samsung | Reality | BREW | Martinez1985++ | Martinez1985++ | [Juan registration one [Juan enters 'Juan David' into Where the user writes their first name, Juan enters 'Botero' into Where the user writes their last name, Juan enters 'soundga337@yahoo.es' into Where the user writes their email, Juan enters 'number:1' into Where the user selects their birth month, Juan enters '12' into Where the user writes their birth day, Juan enters '1999' into Where the user writes their birth year, Juan clicks on Lenguages div, Juan clicks on Specific language option, Juan clicks on Lenguages div, Juan clicks on Specific language option]]]
[Test worker] WARN net.thucydides.core.steps.BaseStepListener - stepStarted: net.thucydides.core.steps.ExecutedStepDescription@78f9039a
[Test worker] WARN net.thucydides.core.steps.BaseStepListener - stepFinished: current outcome:Sign up to uTest:Example: {strFirstName=Juan David, strLastName=Botero, strEmail=soundga337@yahoo.es, strMonthOfBirth=number:1, strDayOfBirth=12, strYearOfBirth=1999, strLanguages=Albanian,Spanish, strCity=Col Bello Antioquia, Colombia, strCodPostal=051050, strMobileDevice=Samsung, strModel=Reality, strOS=BREW, strPassword=Martinez1985++, strConfirmPassword=Martinez1985++} [Given than Juan wants to sign up to the uTest site [Juan open up [Juan opens the U test page, Juan clicks on Button that shows us the signup form]], When he fills out the signup form
| strFirstName | strLastName | strEmail | strMonthOfBirth | strDayOfBirth | strYearOfBirth | strLanguages | strCity | strCodPostal | strMobileDevice | strModel | strOS | strPassword | strConfirmPassword |
| Juan David | Botero | soundga337@yahoo.es | number:1 | 12 | 1999 | Albanian,Spanish | Col Bello Antioquia, Colombia | 051050 | Samsung | Reality | BREW | Martinez1985++ | Martinez1985++ | [Juan registration one [Juan enters 'Juan David' into Where the user writes their first name, Juan enters 'Botero' into Where the user writes their last name, Juan enters 'soundga337@yahoo.es' into Where the user writes their email, Juan enters 'number:1' into Where the user selects their birth month, Juan enters '12' into Where the user writes their birth day, Juan enters '1999' into Where the user writes their birth year, Juan clicks on Lenguages div, Juan clicks on Specific language option, Juan clicks on Lenguages div, Juan clicks on Specific language option, Juan clicks on Button that shows us the next signup form page]]]
[Test worker] WARN net.thucydides.core.steps.BaseStepListener - stepFinished: current outcome:Sign up to uTest:Example: {strFirstName=Juan David, strLastName=Botero, strEmail=soundga337@yahoo.es, strMonthOfBirth=number:1, strDayOfBirth=12, strYearOfBirth=1999, strLanguages=Albanian,Spanish, strCity=Col Bello Antioquia, Colombia, strCodPostal=051050, strMobileDevice=Samsung, strModel=Reality, strOS=BREW, strPassword=Martinez1985++, strConfirmPassword=Martinez1985++} [Given than Juan wants to sign up to the uTest site [Juan open up [Juan opens the U test page, Juan clicks on Button that shows us the signup form]], When he fills out the signup form
| strFirstName | strLastName | strEmail | strMonthOfBirth | strDayOfBirth | strYearOfBirth | strLanguages | strCity | strCodPostal | strMobileDevice | strModel | strOS | strPassword | strConfirmPassword |
| Juan David | Botero | soundga337@yahoo.es | number:1 | 12 | 1999 | Albanian,Spanish | Col Bello Antioquia, Colombia | 051050 | Samsung | Reality | BREW | Martinez1985++ | Martinez1985++ | [Juan registration one [Juan enters 'Juan David' into Where the user writes their first name, Juan enters 'Botero' into Where the user writes their last name, Juan enters 'soundga337@yahoo.es' into Where the user writes their email, Juan enters 'number:1' into Where the user selects their birth month, Juan enters '12' into Where the user writes their birth day, Juan enters '1999' into Where the user writes their birth year, Juan clicks on Lenguages div, Juan clicks on Specific language option, Juan clicks on Lenguages div, Juan clicks on Specific language option, Juan clicks on Button that shows us the next signup form page]]]
[Test worker] WARN net.thucydides.core.steps.BaseStepListener - stepStarted: net.thucydides.core.steps.ExecutedStepDescription@7b8c3bf
[Test worker] WARN net.thucydides.core.steps.BaseStepListener - stepStarted: net.thucydides.core.steps.ExecutedStepDescription@486ad5b3
[Test worker] WARN net.thucydides.core.steps.BaseStepListener - stepFinished: current outcome:Sign up to uTest:Example: {strFirstName=Juan David, strLastName=Botero, strEmail=soundga337@yahoo.es, strMonthOfBirth=number:1, strDayOfBirth=12, strYearOfBirth=1999, strLanguages=Albanian,Spanish, strCity=Col Bello Antioquia, Colombia, strCodPostal=051050, strMobileDevice=Samsung, strModel=Reality, strOS=BREW, strPassword=Martinez1985++, strConfirmPassword=Martinez1985++} [Given than Juan wants to sign up to the uTest site [Juan open up [Juan opens the U test page, Juan clicks on Button that shows us the signup form]], When he fills out the signup form
| strFirstName | strLastName | strEmail | strMonthOfBirth | strDayOfBirth | strYearOfBirth | strLanguages | strCity | strCodPostal | strMobileDevice | strModel | strOS | strPassword | strConfirmPassword |
| Juan David | Botero | soundga337@yahoo.es | number:1 | 12 | 1999 | Albanian,Spanish | Col Bello Antioquia, Colombia | 051050 | Samsung | Reality | BREW | Martinez1985++ | Martinez1985++ | [Juan registration one [Juan enters 'Juan David' into Where the user writes their first name, Juan enters 'Botero' into Where the user writes their last name, Juan enters 'soundga337@yahoo.es' into Where the user writes their email, Juan enters 'number:1' into Where the user selects their birth month, Juan enters '12' into Where the user writes their birth day, Juan enters '1999' into Where the user writes their birth year, Juan clicks on Lenguages div, Juan clicks on Specific language option, Juan clicks on Lenguages div, Juan clicks on Specific language option, Juan clicks on Button that shows us the next signup form page], Juan registration two [Juan enters 'Col Bello Antioquia, Colombia' into Where the user selects their location/city]]]
[Test worker] WARN net.thucydides.core.steps.BaseStepListener - stepStarted: net.thucydides.core.steps.ExecutedStepDescription@7d3e87a5
[Test worker] WARN net.thucydides.core.steps.BaseStepListener - stepFinished: current outcome:Sign up to uTest:Example: {strFirstName=Juan David, strLastName=Botero, strEmail=soundga337@yahoo.es, strMonthOfBirth=number:1, strDayOfBirth=12, strYearOfBirth=1999, strLanguages=Albanian,Spanish, strCity=Col Bello Antioquia, Colombia, strCodPostal=051050, strMobileDevice=Samsung, strModel=Reality, strOS=BREW, strPassword=Martinez1985++, strConfirmPassword=Martinez1985++} [Given than Juan wants to sign up to the uTest site [Juan open up [Juan opens the U test page, Juan clicks on Button that shows us the signup form]], When he fills out the signup form
| strFirstName | strLastName | strEmail | strMonthOfBirth | strDayOfBirth | strYearOfBirth | strLanguages | strCity | strCodPostal | strMobileDevice | strModel | strOS | strPassword | strConfirmPassword |
| Juan David | Botero | soundga337@yahoo.es | number:1 | 12 | 1999 | Albanian,Spanish | Col Bello Antioquia, Colombia | 051050 | Samsung | Reality | BREW | Martinez1985++ | Martinez1985++ | [Juan registration one [Juan enters 'Juan David' into Where the user writes their first name, Juan enters 'Botero' into Where the user writes their last name, Juan enters 'soundga337@yahoo.es' into Where the user writes their email, Juan enters 'number:1' into Where the user selects their birth month, Juan enters '12' into Where the user writes their birth day, Juan enters '1999' into Where the user writes their birth year, Juan clicks on Lenguages div, Juan clicks on Specific language option, Juan clicks on Lenguages div, Juan clicks on Specific language option, Juan clicks on Button that shows us the next signup form page], Juan registration two [Juan enters 'Col Bello Antioquia, Colombia' into Where the user selects their location/city, Juan types 'ARROW_DOWN' in Where the user selects their location/city]]]
[Test worker] WARN net.thucydides.core.steps.BaseStepListener - stepStarted: net.thucydides.core.steps.ExecutedStepDescription@5ef26d51
[Test worker] WARN net.thucydides.core.steps.BaseStepListener - stepFinished: current outcome:Sign up to uTest:Example: {strFirstName=Juan David, strLastName=Botero, strEmail=soundga337@yahoo.es, strMonthOfBirth=number:1, strDayOfBirth=12, strYearOfBirth=1999, strLanguages=Albanian,Spanish, strCity=Col Bello Antioquia, Colombia, strCodPostal=051050, strMobileDevice=Samsung, strModel=Reality, strOS=BREW, strPassword=Martinez1985++, strConfirmPassword=Martinez1985++} [Given than Juan wants to sign up to the uTest site [Juan open up [Juan opens the U test page, Juan clicks on Button that shows us the signup form]], When he fills out the signup form
| strFirstName | strLastName | strEmail | strMonthOfBirth | strDayOfBirth | strYearOfBirth | strLanguages | strCity | strCodPostal | strMobileDevice | strModel | strOS | strPassword | strConfirmPassword |
| Juan David | Botero | soundga337@yahoo.es | number:1 | 12 | 1999 | Albanian,Spanish | Col Bello Antioquia, Colombia | 051050 | Samsung | Reality | BREW | Martinez1985++ | Martinez1985++ | [Juan registration one [Juan enters 'Juan David' into Where the user writes their first name, Juan enters 'Botero' into Where the user writes their last name, Juan enters 'soundga337@yahoo.es' into Where the user writes their email, Juan enters 'number:1' into Where the user selects their birth month, Juan enters '12' into Where the user writes their birth day, Juan enters '1999' into Where the user writes their birth year, Juan clicks on Lenguages div, Juan clicks on Specific language option, Juan clicks on Lenguages div, Juan clicks on Specific language option, Juan clicks on Button that shows us the next signup form page], Juan registration two [Juan enters 'Col Bello Antioquia, Colombia' into Where the user selects their location/city, Juan types 'ARROW_DOWN' in Where the user selects their location/city, Juan types 'ENTER' in Where the user selects their location/city]]]
[Test worker] WARN net.thucydides.core.steps.BaseStepListener - stepStarted: net.thucydides.core.steps.ExecutedStepDescription@2e0c196f
[Test worker] WARN net.thucydides.core.steps.BaseStepListener - stepFinished: current outcome:Sign up to uTest:Example: {strFirstName=Juan David, strLastName=Botero, strEmail=soundga337@yahoo.es, strMonthOfBirth=number:1, strDayOfBirth=12, strYearOfBirth=1999, strLanguages=Albanian,Spanish, strCity=Col Bello Antioquia, Colombia, strCodPostal=051050, strMobileDevice=Samsung, strModel=Reality, strOS=BREW, strPassword=Martinez1985++, strConfirmPassword=Martinez1985++} [Given than Juan wants to sign up to the uTest site [Juan open up [Juan opens the U test page, Juan clicks on Button that shows us the signup form]], When he fills out the signup form
| strFirstName | strLastName | strEmail | strMonthOfBirth | strDayOfBirth | strYearOfBirth | strLanguages | strCity | strCodPostal | strMobileDevice | strModel | strOS | strPassword | strConfirmPassword |
| Juan David | Botero | soundga337@yahoo.es | number:1 | 12 | 1999 | Albanian,Spanish | Col Bello Antioquia, Colombia | 051050 | Samsung | Reality | BREW | Martinez1985++ | Martinez1985++ | [Juan registration one [Juan enters 'Juan David' into Where the user writes their first name, Juan enters 'Botero' into Where the user writes their last name, Juan enters 'soundga337@yahoo.es' into Where the user writes their email, Juan enters 'number:1' into Where the user selects their birth month, Juan enters '12' into Where the user writes their birth day, Juan enters '1999' into Where the user writes their birth year, Juan clicks on Lenguages div, Juan clicks on Specific language option, Juan clicks on Lenguages div, Juan clicks on Specific language option, Juan clicks on Button that shows us the next signup form page], Juan registration two [Juan enters 'Col Bello Antioquia, Colombia' into Where the user selects their location/city, Juan types 'ARROW_DOWN' in Where the user selects their location/city, Juan types 'ENTER' in Where the user selects their location/city, Juan enters '051050' into Where the user puts their postal code]]]
[Test worker] WARN net.thucydides.core.steps.BaseStepListener - stepStarted: net.thucydides.core.steps.ExecutedStepDescription@2382b757
[Test worker] WARN net.thucydides.core.steps.BaseStepListener - stepFinished: current outcome:Sign up to uTest:Example: {strFirstName=Juan David, strLastName=Botero, strEmail=soundga337@yahoo.es, strMonthOfBirth=number:1, strDayOfBirth=12, strYearOfBirth=1999, strLanguages=Albanian,Spanish, strCity=Col Bello Antioquia, Colombia, strCodPostal=051050, strMobileDevice=Samsung, strModel=Reality, strOS=BREW, strPassword=Martinez1985++, strConfirmPassword=Martinez1985++} [Given than Juan wants to sign up to the uTest site [Juan open up [Juan opens the U test page, Juan clicks on Button that shows us the signup form]], When he fills out the signup form
| strFirstName | strLastName | strEmail | strMonthOfBirth | strDayOfBirth | strYearOfBirth | strLanguages | strCity | strCodPostal | strMobileDevice | strModel | strOS | strPassword | strConfirmPassword |
| Juan David | Botero | soundga337@yahoo.es | number:1 | 12 | 1999 | Albanian,Spanish | Col Bello Antioquia, Colombia | 051050 | Samsung | Reality | BREW | Martinez1985++ | Martinez1985++ | [Juan registration one [Juan enters 'Juan David' into Where the user writes their first name, Juan enters 'Botero' into Where the user writes their last name, Juan enters 'soundga337@yahoo.es' into Where the user writes their email, Juan enters 'number:1' into Where the user selects their birth month, Juan enters '12' into Where the user writes their birth day, Juan enters '1999' into Where the user writes their birth year, Juan clicks on Lenguages div, Juan clicks on Specific language option, Juan clicks on Lenguages div, Juan clicks on Specific language option, Juan clicks on Button that shows us the next signup form page], Juan registration two [Juan enters 'Col Bello Antioquia, Colombia' into Where the user selects their location/city, Juan types 'ARROW_DOWN' in Where the user selects their location/city, Juan types 'ENTER' in Where the user selects their location/city, Juan enters '051050' into Where the user puts their postal code, Juan clicks on Button that shows us the next signup form page]]]
[Test worker] WARN net.thucydides.core.steps.BaseStepListener - stepFinished: current outcome:Sign up to uTest:Example: {strFirstName=Juan David, strLastName=Botero, strEmail=soundga337@yahoo.es, strMonthOfBirth=number:1, strDayOfBirth=12, strYearOfBirth=1999, strLanguages=Albanian,Spanish, strCity=Col Bello Antioquia, Colombia, strCodPostal=051050, strMobileDevice=Samsung, strModel=Reality, strOS=BREW, strPassword=Martinez1985++, strConfirmPassword=Martinez1985++} [Given than Juan wants to sign up to the uTest site [Juan open up [Juan opens the U test page, Juan clicks on Button that shows us the signup form]], When he fills out the signup form
| strFirstName | strLastName | strEmail | strMonthOfBirth | strDayOfBirth | strYearOfBirth | strLanguages | strCity | strCodPostal | strMobileDevice | strModel | strOS | strPassword | strConfirmPassword |
| Juan David | Botero | soundga337@yahoo.es | number:1 | 12 | 1999 | Albanian,Spanish | Col Bello Antioquia, Colombia | 051050 | Samsung | Reality | BREW | Martinez1985++ | Martinez1985++ | [Juan registration one [Juan enters 'Juan David' into Where the user writes their first name, Juan enters 'Botero' into Where the user writes their last name, Juan enters 'soundga337@yahoo.es' into Where the user writes their email, Juan enters 'number:1' into Where the user selects their birth month, Juan enters '12' into Where the user writes their birth day, Juan enters '1999' into Where the user writes their birth year, Juan clicks on Lenguages div, Juan clicks on Specific language option, Juan clicks on Lenguages div, Juan clicks on Specific language option, Juan clicks on Button that shows us the next signup form page], Juan registration two [Juan enters 'Col Bello Antioquia, Colombia' into Where the user selects their location/city, Juan types 'ARROW_DOWN' in Where the user selects their location/city, Juan types 'ENTER' in Where the user selects their location/city, Juan enters '051050' into Where the user puts their postal code, Juan clicks on Button that shows us the next signup form page]]]
[Test worker] WARN net.thucydides.core.steps.BaseStepListener - stepStarted: net.thucydides.core.steps.ExecutedStepDescription@790ce334
[Test worker] WARN net.thucydides.core.steps.BaseStepListener - stepStarted: net.thucydides.core.steps.ExecutedStepDescription@239e1edd
[Test worker] WARN net.thucydides.core.steps.BaseStepListener - stepFinished: current outcome:Sign up to uTest:Example: {strFirstName=Juan David, strLastName=Botero, strEmail=soundga337@yahoo.es, strMonthOfBirth=number:1, strDayOfBirth=12, strYearOfBirth=1999, strLanguages=Albanian,Spanish, strCity=Col Bello Antioquia, Colombia, strCodPostal=051050, strMobileDevice=Samsung, strModel=Reality, strOS=BREW, strPassword=Martinez1985++, strConfirmPassword=Martinez1985++} [Given than Juan wants to sign up to the uTest site [Juan open up [Juan opens the U test page, Juan clicks on Button that shows us the signup form]], When he fills out the signup form
| strFirstName | strLastName | strEmail | strMonthOfBirth | strDayOfBirth | strYearOfBirth | strLanguages | strCity | strCodPostal | strMobileDevice | strModel | strOS | strPassword | strConfirmPassword |
| Juan David | Botero | soundga337@yahoo.es | number:1 | 12 | 1999 | Albanian,Spanish | Col Bello Antioquia, Colombia | 051050 | Samsung | Reality | BREW | Martinez1985++ | Martinez1985++ | [Juan registration one [Juan enters 'Juan David' into Where the user writes their first name, Juan enters 'Botero' into Where the user writes their last name, Juan enters 'soundga337@yahoo.es' into Where the user writes their email, Juan enters 'number:1' into Where the user selects their birth month, Juan enters '12' into Where the user writes their birth day, Juan enters '1999' into Where the user writes their birth year, Juan clicks on Lenguages div, Juan clicks on Specific language option, Juan clicks on Lenguages div, Juan clicks on Specific language option, Juan clicks on Button that shows us the next signup form page], Juan registration two [Juan enters 'Col Bello Antioquia, Colombia' into Where the user selects their location/city, Juan types 'ARROW_DOWN' in Where the user selects their location/city, Juan types 'ENTER' in Where the user selects their location/city, Juan enters '051050' into Where the user puts their postal code, Juan clicks on Button that shows us the next signup form page], Juan registration three [Juan clicks on Mobile device input]]]
[Test worker] WARN net.thucydides.core.steps.BaseStepListener - stepStarted: net.thucydides.core.steps.ExecutedStepDescription@3b63ee9a
[Test worker] WARN net.thucydides.core.steps.BaseStepListener - stepFinished: current outcome:Sign up to uTest:Example: {strFirstName=Juan David, strLastName=Botero, strEmail=soundga337@yahoo.es, strMonthOfBirth=number:1, strDayOfBirth=12, strYearOfBirth=1999, strLanguages=Albanian,Spanish, strCity=Col Bello Antioquia, Colombia, strCodPostal=051050, strMobileDevice=Samsung, strModel=Reality, strOS=BREW, strPassword=Martinez1985++, strConfirmPassword=Martinez1985++} [Given than Juan wants to sign up to the uTest site [Juan open up [Juan opens the U test page, Juan clicks on Button that shows us the signup form]], When he fills out the signup form
| strFirstName | strLastName | strEmail | strMonthOfBirth | strDayOfBirth | strYearOfBirth | strLanguages | strCity | strCodPostal | strMobileDevice | strModel | strOS | strPassword | strConfirmPassword |
| Juan David | Botero | soundga337@yahoo.es | number:1 | 12 | 1999 | Albanian,Spanish | Col Bello Antioquia, Colombia | 051050 | Samsung | Reality | BREW | Martinez1985++ | Martinez1985++ | [Juan registration one [Juan enters 'Juan David' into Where the user writes their first name, Juan enters 'Botero' into Where the user writes their last name, Juan enters 'soundga337@yahoo.es' into Where the user writes their email, Juan enters 'number:1' into Where the user selects their birth month, Juan enters '12' into Where the user writes their birth day, Juan enters '1999' into Where the user writes their birth year, Juan clicks on Lenguages div, Juan clicks on Specific language option, Juan clicks on Lenguages div, Juan clicks on Specific language option, Juan clicks on Button that shows us the next signup form page], Juan registration two [Juan enters 'Col Bello Antioquia, Colombia' into Where the user selects their location/city, Juan types 'ARROW_DOWN' in Where the user selects their location/city, Juan types 'ENTER' in Where the user selects their location/city, Juan enters '051050' into Where the user puts their postal code, Juan clicks on Button that shows us the next signup form page], Juan registration three [Juan clicks on Mobile device input, Juan clicks on Especific mobile device option]]]
[Test worker] WARN net.thucydides.core.steps.BaseStepListener - stepStarted: net.thucydides.core.steps.ExecutedStepDescription@10467f8b
[Test worker] WARN net.thucydides.core.steps.BaseStepListener - stepFinished: current outcome:Sign up to uTest:Example: {strFirstName=Juan David, strLastName=Botero, strEmail=soundga337@yahoo.es, strMonthOfBirth=number:1, strDayOfBirth=12, strYearOfBirth=1999, strLanguages=Albanian,Spanish, strCity=Col Bello Antioquia, Colombia, strCodPostal=051050, strMobileDevice=Samsung, strModel=Reality, strOS=BREW, strPassword=Martinez1985++, strConfirmPassword=Martinez1985++} [Given than Juan wants to sign up to the uTest site [Juan open up [Juan opens the U test page, Juan clicks on Button that shows us the signup form]], When he fills out the signup form
| strFirstName | strLastName | strEmail | strMonthOfBirth | strDayOfBirth | strYearOfBirth | strLanguages | strCity | strCodPostal | strMobileDevice | strModel | strOS | strPassword | strConfirmPassword |
| Juan David | Botero | soundga337@yahoo.es | number:1 | 12 | 1999 | Albanian,Spanish | Col Bello Antioquia, Colombia | 051050 | Samsung | Reality | BREW | Martinez1985++ | Martinez1985++ | [Juan registration one [Juan enters 'Juan David' into Where the user writes their first name, Juan enters 'Botero' into Where the user writes their last name, Juan enters 'soundga337@yahoo.es' into Where the user writes their email, Juan enters 'number:1' into Where the user selects their birth month, Juan enters '12' into Where the user writes their birth day, Juan enters '1999' into Where the user writes their birth year, Juan clicks on Lenguages div, Juan clicks on Specific language option, Juan clicks on Lenguages div, Juan clicks on Specific language option, Juan clicks on Button that shows us the next signup form page], Juan registration two [Juan enters 'Col Bello Antioquia, Colombia' into Where the user selects their location/city, Juan types 'ARROW_DOWN' in Where the user selects their location/city, Juan types 'ENTER' in Where the user selects their location/city, Juan enters '051050' into Where the user puts their postal code, Juan clicks on Button that shows us the next signup form page], Juan registration three [Juan clicks on Mobile device input, Juan clicks on Especific mobile device option, Juan clicks on Mobile device model input]]]
[Test worker] WARN net.thucydides.core.steps.BaseStepListener - stepStarted: net.thucydides.core.steps.ExecutedStepDescription@28184e4e
[Test worker] WARN net.thucydides.core.steps.BaseStepListener - stepFinished: current outcome:Sign up to uTest:Example: {strFirstName=Juan David, strLastName=Botero, strEmail=soundga337@yahoo.es, strMonthOfBirth=number:1, strDayOfBirth=12, strYearOfBirth=1999, strLanguages=Albanian,Spanish, strCity=Col Bello Antioquia, Colombia, strCodPostal=051050, strMobileDevice=Samsung, strModel=Reality, strOS=BREW, strPassword=Martinez1985++, strConfirmPassword=Martinez1985++} [Given than Juan wants to sign up to the uTest site [Juan open up [Juan opens the U test page, Juan clicks on Button that shows us the signup form]], When he fills out the signup form
| strFirstName | strLastName | strEmail | strMonthOfBirth | strDayOfBirth | strYearOfBirth | strLanguages | strCity | strCodPostal | strMobileDevice | strModel | strOS | strPassword | strConfirmPassword |
| Juan David | Botero | soundga337@yahoo.es | number:1 | 12 | 1999 | Albanian,Spanish | Col Bello Antioquia, Colombia | 051050 | Samsung | Reality | BREW | Martinez1985++ | Martinez1985++ | [Juan registration one [Juan enters 'Juan David' into Where the user writes their first name, Juan enters 'Botero' into Where the user writes their last name, Juan enters 'soundga337@yahoo.es' into Where the user writes their email, Juan enters 'number:1' into Where the user selects their birth month, Juan enters '12' into Where the user writes their birth day, Juan enters '1999' into Where the user writes their birth year, Juan clicks on Lenguages div, Juan clicks on Specific language option, Juan clicks on Lenguages div, Juan clicks on Specific language option, Juan clicks on Button that shows us the next signup form page], Juan registration two [Juan enters 'Col Bello Antioquia, Colombia' into Where the user selects their location/city, Juan types 'ARROW_DOWN' in Where the user selects their location/city, Juan types 'ENTER' in Where the user selects their location/city, Juan enters '051050' into Where the user puts their postal code, Juan clicks on Button that shows us the next signup form page], Juan registration three [Juan clicks on Mobile device input, Juan clicks on Especific mobile device option, Juan clicks on Mobile device model input, Juan clicks on Especific model option]]]
[Test worker] WARN net.thucydides.core.steps.BaseStepListener - stepStarted: net.thucydides.core.steps.ExecutedStepDescription@1cbd7c5f
[Test worker] WARN net.thucydides.core.steps.BaseStepListener - stepFinished: current outcome:Sign up to uTest:Example: {strFirstName=Juan David, strLastName=Botero, strEmail=soundga337@yahoo.es, strMonthOfBirth=number:1, strDayOfBirth=12, strYearOfBirth=1999, strLanguages=Albanian,Spanish, strCity=Col Bello Antioquia, Colombia, strCodPostal=051050, strMobileDevice=Samsung, strModel=Reality, strOS=BREW, strPassword=Martinez1985++, strConfirmPassword=Martinez1985++} [Given than Juan wants to sign up to the uTest site [Juan open up [Juan opens the U test page, Juan clicks on Button that shows us the signup form]], When he fills out the signup form
| strFirstName | strLastName | strEmail | strMonthOfBirth | strDayOfBirth | strYearOfBirth | strLanguages | strCity | strCodPostal | strMobileDevice | strModel | strOS | strPassword | strConfirmPassword |
| Juan David | Botero | soundga337@yahoo.es | number:1 | 12 | 1999 | Albanian,Spanish | Col Bello Antioquia, Colombia | 051050 | Samsung | Reality | BREW | Martinez1985++ | Martinez1985++ | [Juan registration one [Juan enters 'Juan David' into Where the user writes their first name, Juan enters 'Botero' into Where the user writes their last name, Juan enters 'soundga337@yahoo.es' into Where the user writes their email, Juan enters 'number:1' into Where the user selects their birth month, Juan enters '12' into Where the user writes their birth day, Juan enters '1999' into Where the user writes their birth year, Juan clicks on Lenguages div, Juan clicks on Specific language option, Juan clicks on Lenguages div, Juan clicks on Specific language option, Juan clicks on Button that shows us the next signup form page], Juan registration two [Juan enters 'Col Bello Antioquia, Colombia' into Where the user selects their location/city, Juan types 'ARROW_DOWN' in Where the user selects their location/city, Juan types 'ENTER' in Where the user selects their location/city, Juan enters '051050' into Where the user puts their postal code, Juan clicks on Button that shows us the next signup form page], Juan registration three [Juan clicks on Mobile device input, Juan clicks on Especific mobile device option, Juan clicks on Mobile device model input, Juan clicks on Especific model option, Juan clicks on Mobile device operating system input]]]
[Test worker] WARN net.thucydides.core.steps.BaseStepListener - stepStarted: net.thucydides.core.steps.ExecutedStepDescription@1dbb7c2d
[Test worker] WARN net.thucydides.core.steps.BaseStepListener - stepFinished: current outcome:Sign up to uTest:Example: {strFirstName=Juan David, strLastName=Botero, strEmail=soundga337@yahoo.es, strMonthOfBirth=number:1, strDayOfBirth=12, strYearOfBirth=1999, strLanguages=Albanian,Spanish, strCity=Col Bello Antioquia, Colombia, strCodPostal=051050, strMobileDevice=Samsung, strModel=Reality, strOS=BREW, strPassword=Martinez1985++, strConfirmPassword=Martinez1985++} [Given than Juan wants to sign up to the uTest site [Juan open up [Juan opens the U test page, Juan clicks on Button that shows us the signup form]], When he fills out the signup form
| strFirstName | strLastName | strEmail | strMonthOfBirth | strDayOfBirth | strYearOfBirth | strLanguages | strCity | strCodPostal | strMobileDevice | strModel | strOS | strPassword | strConfirmPassword |
| Juan David | Botero | soundga337@yahoo.es | number:1 | 12 | 1999 | Albanian,Spanish | Col Bello Antioquia, Colombia | 051050 | Samsung | Reality | BREW | Martinez1985++ | Martinez1985++ | [Juan registration one [Juan enters 'Juan David' into Where the user writes their first name, Juan enters 'Botero' into Where the user writes their last name, Juan enters 'soundga337@yahoo.es' into Where the user writes their email, Juan enters 'number:1' into Where the user selects their birth month, Juan enters '12' into Where the user writes their birth day, Juan enters '1999' into Where the user writes their birth year, Juan clicks on Lenguages div, Juan clicks on Specific language option, Juan clicks on Lenguages div, Juan clicks on Specific language option, Juan clicks on Button that shows us the next signup form page], Juan registration two [Juan enters 'Col Bello Antioquia, Colombia' into Where the user selects their location/city, Juan types 'ARROW_DOWN' in Where the user selects their location/city, Juan types 'ENTER' in Where the user selects their location/city, Juan enters '051050' into Where the user puts their postal code, Juan clicks on Button that shows us the next signup form page], Juan registration three [Juan clicks on Mobile device input, Juan clicks on Especific mobile device option, Juan clicks on Mobile device model input, Juan clicks on Especific model option, Juan clicks on Mobile device operating system input, Juan clicks on Specific operating system option]]]
[Test worker] WARN net.thucydides.core.steps.BaseStepListener - stepStarted: net.thucydides.core.steps.ExecutedStepDescription@c2f222d
[Test worker] WARN net.thucydides.core.steps.BaseStepListener - stepFinished: current outcome:Sign up to uTest:Example: {strFirstName=Juan David, strLastName=Botero, strEmail=soundga337@yahoo.es, strMonthOfBirth=number:1, strDayOfBirth=12, strYearOfBirth=1999, strLanguages=Albanian,Spanish, strCity=Col Bello Antioquia, Colombia, strCodPostal=051050, strMobileDevice=Samsung, strModel=Reality, strOS=BREW, strPassword=Martinez1985++, strConfirmPassword=Martinez1985++} [Given than Juan wants to sign up to the uTest site [Juan open up [Juan opens the U test page, Juan clicks on Button that shows us the signup form]], When he fills out the signup form
| strFirstName | strLastName | strEmail | strMonthOfBirth | strDayOfBirth | strYearOfBirth | strLanguages | strCity | strCodPostal | strMobileDevice | strModel | strOS | strPassword | strConfirmPassword |
| Juan David | Botero | soundga337@yahoo.es | number:1 | 12 | 1999 | Albanian,Spanish | Col Bello Antioquia, Colombia | 051050 | Samsung | Reality | BREW | Martinez1985++ | Martinez1985++ | [Juan registration one [Juan enters 'Juan David' into Where the user writes their first name, Juan enters 'Botero' into Where the user writes their last name, Juan enters 'soundga337@yahoo.es' into Where the user writes their email, Juan enters 'number:1' into Where the user selects their birth month, Juan enters '12' into Where the user writes their birth day, Juan enters '1999' into Where the user writes their birth year, Juan clicks on Lenguages div, Juan clicks on Specific language option, Juan clicks on Lenguages div, Juan clicks on Specific language option, Juan clicks on Button that shows us the next signup form page], Juan registration two [Juan enters 'Col Bello Antioquia, Colombia' into Where the user selects their location/city, Juan types 'ARROW_DOWN' in Where the user selects their location/city, Juan types 'ENTER' in Where the user selects their location/city, Juan enters '051050' into Where the user puts their postal code, Juan clicks on Button that shows us the next signup form page], Juan registration three [Juan clicks on Mobile device input, Juan clicks on Especific mobile device option, Juan clicks on Mobile device model input, Juan clicks on Especific model option, Juan clicks on Mobile device operating system input, Juan clicks on Specific operating system option, Juan clicks on Button that shows us the last signup form page]]]
[Test worker] WARN net.thucydides.core.steps.BaseStepListener - stepFinished: current outcome:Sign up to uTest:Example: {strFirstName=Juan David, strLastName=Botero, strEmail=soundga337@yahoo.es, strMonthOfBirth=number:1, strDayOfBirth=12, strYearOfBirth=1999, strLanguages=Albanian,Spanish, strCity=Col Bello Antioquia, Colombia, strCodPostal=051050, strMobileDevice=Samsung, strModel=Reality, strOS=BREW, strPassword=Martinez1985++, strConfirmPassword=Martinez1985++} [Given than Juan wants to sign up to the uTest site [Juan open up [Juan opens the U test page, Juan clicks on Button that shows us the signup form]], When he fills out the signup form
| strFirstName | strLastName | strEmail | strMonthOfBirth | strDayOfBirth | strYearOfBirth | strLanguages | strCity | strCodPostal | strMobileDevice | strModel | strOS | strPassword | strConfirmPassword |
| Juan David | Botero | soundga337@yahoo.es | number:1 | 12 | 1999 | Albanian,Spanish | Col Bello Antioquia, Colombia | 051050 | Samsung | Reality | BREW | Martinez1985++ | Martinez1985++ | [Juan registration one [Juan enters 'Juan David' into Where the user writes their first name, Juan enters 'Botero' into Where the user writes their last name, Juan enters 'soundga337@yahoo.es' into Where the user writes their email, Juan enters 'number:1' into Where the user selects their birth month, Juan enters '12' into Where the user writes their birth day, Juan enters '1999' into Where the user writes their birth year, Juan clicks on Lenguages div, Juan clicks on Specific language option, Juan clicks on Lenguages div, Juan clicks on Specific language option, Juan clicks on Button that shows us the next signup form page], Juan registration two [Juan enters 'Col Bello Antioquia, Colombia' into Where the user selects their location/city, Juan types 'ARROW_DOWN' in Where the user selects their location/city, Juan types 'ENTER' in Where the user selects their location/city, Juan enters '051050' into Where the user puts their postal code, Juan clicks on Button that shows us the next signup form page], Juan registration three [Juan clicks on Mobile device input, Juan clicks on Especific mobile device option, Juan clicks on Mobile device model input, Juan clicks on Especific model option, Juan clicks on Mobile device operating system input, Juan clicks on Specific operating system option, Juan clicks on Button that shows us the last signup form page]]]
[Test worker] WARN net.thucydides.core.steps.BaseStepListener - stepStarted: net.thucydides.core.steps.ExecutedStepDescription@4e4032d9
[Test worker] WARN net.thucydides.core.steps.BaseStepListener - stepStarted: net.thucydides.core.steps.ExecutedStepDescription@121a9d47
[Test worker] WARN net.thucydides.core.steps.BaseStepListener - stepFinished: current outcome:Sign up to uTest:Example: {strFirstName=Juan David, strLastName=Botero, strEmail=soundga337@yahoo.es, strMonthOfBirth=number:1, strDayOfBirth=12, strYearOfBirth=1999, strLanguages=Albanian,Spanish, strCity=Col Bello Antioquia, Colombia, strCodPostal=051050, strMobileDevice=Samsung, strModel=Reality, strOS=BREW, strPassword=Martinez1985++, strConfirmPassword=Martinez1985++} [Given than Juan wants to sign up to the uTest site [Juan open up [Juan opens the U test page, Juan clicks on Button that shows us the signup form]], When he fills out the signup form
| strFirstName | strLastName | strEmail | strMonthOfBirth | strDayOfBirth | strYearOfBirth | strLanguages | strCity | strCodPostal | strMobileDevice | strModel | strOS | strPassword | strConfirmPassword |
| Juan David | Botero | soundga337@yahoo.es | number:1 | 12 | 1999 | Albanian,Spanish | Col Bello Antioquia, Colombia | 051050 | Samsung | Reality | BREW | Martinez1985++ | Martinez1985++ | [Juan registration one [Juan enters 'Juan David' into Where the user writes their first name, Juan enters 'Botero' into Where the user writes their last name, Juan enters 'soundga337@yahoo.es' into Where the user writes their email, Juan enters 'number:1' into Where the user selects their birth month, Juan enters '12' into Where the user writes their birth day, Juan enters '1999' into Where the user writes their birth year, Juan clicks on Lenguages div, Juan clicks on Specific language option, Juan clicks on Lenguages div, Juan clicks on Specific language option, Juan clicks on Button that shows us the next signup form page], Juan registration two [Juan enters 'Col Bello Antioquia, Colombia' into Where the user selects their location/city, Juan types 'ARROW_DOWN' in Where the user selects their location/city, Juan types 'ENTER' in Where the user selects their location/city, Juan enters '051050' into Where the user puts their postal code, Juan clicks on Button that shows us the next signup form page], Juan registration three [Juan clicks on Mobile device input, Juan clicks on Especific mobile device option, Juan clicks on Mobile device model input, Juan clicks on Especific model option, Juan clicks on Mobile device operating system input, Juan clicks on Specific operating system option, Juan clicks on Button that shows us the last signup form page], Juan registration four [Juan enters 'Martinez1985++' into Where the user writes their password]]]
[Test worker] WARN net.thucydides.core.steps.BaseStepListener - stepStarted: net.thucydides.core.steps.ExecutedStepDescription@50f65d56
[Test worker] WARN net.thucydides.core.steps.BaseStepListener - stepFinished: current outcome:Sign up to uTest:Example: {strFirstName=Juan David, strLastName=Botero, strEmail=soundga337@yahoo.es, strMonthOfBirth=number:1, strDayOfBirth=12, strYearOfBirth=1999, strLanguages=Albanian,Spanish, strCity=Col Bello Antioquia, Colombia, strCodPostal=051050, strMobileDevice=Samsung, strModel=Reality, strOS=BREW, strPassword=Martinez1985++, strConfirmPassword=Martinez1985++} [Given than Juan wants to sign up to the uTest site [Juan open up [Juan opens the U test page, Juan clicks on Button that shows us the signup form]], When he fills out the signup form
| strFirstName | strLastName | strEmail | strMonthOfBirth | strDayOfBirth | strYearOfBirth | strLanguages | strCity | strCodPostal | strMobileDevice | strModel | strOS | strPassword | strConfirmPassword |
| Juan David | Botero | soundga337@yahoo.es | number:1 | 12 | 1999 | Albanian,Spanish | Col Bello Antioquia, Colombia | 051050 | Samsung | Reality | BREW | Martinez1985++ | Martinez1985++ | [Juan registration one [Juan enters 'Juan David' into Where the user writes their first name, Juan enters 'Botero' into Where the user writes their last name, Juan enters 'soundga337@yahoo.es' into Where the user writes their email, Juan enters 'number:1' into Where the user selects their birth month, Juan enters '12' into Where the user writes their birth day, Juan enters '1999' into Where the user writes their birth year, Juan clicks on Lenguages div, Juan clicks on Specific language option, Juan clicks on Lenguages div, Juan clicks on Specific language option, Juan clicks on Button that shows us the next signup form page], Juan registration two [Juan enters 'Col Bello Antioquia, Colombia' into Where the user selects their location/city, Juan types 'ARROW_DOWN' in Where the user selects their location/city, Juan types 'ENTER' in Where the user selects their location/city, Juan enters '051050' into Where the user puts their postal code, Juan clicks on Button that shows us the next signup form page], Juan registration three [Juan clicks on Mobile device input, Juan clicks on Especific mobile device option, Juan clicks on Mobile device model input, Juan clicks on Especific model option, Juan clicks on Mobile device operating system input, Juan clicks on Specific operating system option, Juan clicks on Button that shows us the last signup form page], Juan registration four [Juan enters 'Martinez1985++' into Where the user writes their password, Juan enters 'Martinez1985++' into Where the user confirms their password]]]
[Test worker] WARN net.thucydides.core.steps.BaseStepListener - stepStarted: net.thucydides.core.steps.ExecutedStepDescription@6b97f783
[Test worker] WARN net.thucydides.core.steps.BaseStepListener - stepFinished: current outcome:Sign up to uTest:Example: {strFirstName=Juan David, strLastName=Botero, strEmail=soundga337@yahoo.es, strMonthOfBirth=number:1, strDayOfBirth=12, strYearOfBirth=1999, strLanguages=Albanian,Spanish, strCity=Col Bello Antioquia, Colombia, strCodPostal=051050, strMobileDevice=Samsung, strModel=Reality, strOS=BREW, strPassword=Martinez1985++, strConfirmPassword=Martinez1985++} [Given than Juan wants to sign up to the uTest site [Juan open up [Juan opens the U test page, Juan clicks on Button that shows us the signup form]], When he fills out the signup form
| strFirstName | strLastName | strEmail | strMonthOfBirth | strDayOfBirth | strYearOfBirth | strLanguages | strCity | strCodPostal | strMobileDevice | strModel | strOS | strPassword | strConfirmPassword |
| Juan David | Botero | soundga337@yahoo.es | number:1 | 12 | 1999 | Albanian,Spanish | Col Bello Antioquia, Colombia | 051050 | Samsung | Reality | BREW | Martinez1985++ | Martinez1985++ | [Juan registration one [Juan enters 'Juan David' into Where the user writes their first name, Juan enters 'Botero' into Where the user writes their last name, Juan enters 'soundga337@yahoo.es' into Where the user writes their email, Juan enters 'number:1' into Where the user selects their birth month, Juan enters '12' into Where the user writes their birth day, Juan enters '1999' into Where the user writes their birth year, Juan clicks on Lenguages div, Juan clicks on Specific language option, Juan clicks on Lenguages div, Juan clicks on Specific language option, Juan clicks on Button that shows us the next signup form page], Juan registration two [Juan enters 'Col Bello Antioquia, Colombia' into Where the user selects their location/city, Juan types 'ARROW_DOWN' in Where the user selects their location/city, Juan types 'ENTER' in Where the user selects their location/city, Juan enters '051050' into Where the user puts their postal code, Juan clicks on Button that shows us the next signup form page], Juan registration three [Juan clicks on Mobile device input, Juan clicks on Especific mobile device option, Juan clicks on Mobile device model input, Juan clicks on Especific model option, Juan clicks on Mobile device operating system input, Juan clicks on Specific operating system option, Juan clicks on Button that shows us the last signup form page], Juan registration four [Juan enters 'Martinez1985++' into Where the user writes their password, Juan enters 'Martinez1985++' into Where the user confirms their password, Juan clicks on Where the user accepts the uTest Terms of Use]]]
[Test worker] WARN net.thucydides.core.steps.BaseStepListener - stepStarted: net.thucydides.core.steps.ExecutedStepDescription@69cd135d
[Test worker] WARN net.thucydides.core.steps.BaseStepListener - stepFinished: current outcome:Sign up to uTest:Example: {strFirstName=Juan David, strLastName=Botero, strEmail=soundga337@yahoo.es, strMonthOfBirth=number:1, strDayOfBirth=12, strYearOfBirth=1999, strLanguages=Albanian,Spanish, strCity=Col Bello Antioquia, Colombia, strCodPostal=051050, strMobileDevice=Samsung, strModel=Reality, strOS=BREW, strPassword=Martinez1985++, strConfirmPassword=Martinez1985++} [Given than Juan wants to sign up to the uTest site [Juan open up [Juan opens the U test page, Juan clicks on Button that shows us the signup form]], When he fills out the signup form
| strFirstName | strLastName | strEmail | strMonthOfBirth | strDayOfBirth | strYearOfBirth | strLanguages | strCity | strCodPostal | strMobileDevice | strModel | strOS | strPassword | strConfirmPassword |
| Juan David | Botero | soundga337@yahoo.es | number:1 | 12 | 1999 | Albanian,Spanish | Col Bello Antioquia, Colombia | 051050 | Samsung | Reality | BREW | Martinez1985++ | Martinez1985++ | [Juan registration one [Juan enters 'Juan David' into Where the user writes their first name, Juan enters 'Botero' into Where the user writes their last name, Juan enters 'soundga337@yahoo.es' into Where the user writes their email, Juan enters 'number:1' into Where the user selects their birth month, Juan enters '12' into Where the user writes their birth day, Juan enters '1999' into Where the user writes their birth year, Juan clicks on Lenguages div, Juan clicks on Specific language option, Juan clicks on Lenguages div, Juan clicks on Specific language option, Juan clicks on Button that shows us the next signup form page], Juan registration two [Juan enters 'Col Bello Antioquia, Colombia' into Where the user selects their location/city, Juan types 'ARROW_DOWN' in Where the user selects their location/city, Juan types 'ENTER' in Where the user selects their location/city, Juan enters '051050' into Where the user puts their postal code, Juan clicks on Button that shows us the next signup form page], Juan registration three [Juan clicks on Mobile device input, Juan clicks on Especific mobile device option, Juan clicks on Mobile device model input, Juan clicks on Especific model option, Juan clicks on Mobile device operating system input, Juan clicks on Specific operating system option, Juan clicks on Button that shows us the last signup form page], Juan registration four [Juan enters 'Martinez1985++' into Where the user writes their password, Juan enters 'Martinez1985++' into Where the user confirms their password, Juan clicks on Where the user accepts the uTest Terms of Use, Juan clicks on Where the user accepts the uTest Privacy Policy]]]
[Test worker] WARN net.thucydides.core.steps.BaseStepListener - stepStarted: net.thucydides.core.steps.ExecutedStepDescription@6c625af5
[Test worker] WARN net.thucydides.core.steps.BaseStepListener - stepFinished: current outcome:Sign up to uTest:Example: {strFirstName=Juan David, strLastName=Botero, strEmail=soundga337@yahoo.es, strMonthOfBirth=number:1, strDayOfBirth=12, strYearOfBirth=1999, strLanguages=Albanian,Spanish, strCity=Col Bello Antioquia, Colombia, strCodPostal=051050, strMobileDevice=Samsung, strModel=Reality, strOS=BREW, strPassword=Martinez1985++, strConfirmPassword=Martinez1985++} [Given than Juan wants to sign up to the uTest site [Juan open up [Juan opens the U test page, Juan clicks on Button that shows us the signup form]], When he fills out the signup form
| strFirstName | strLastName | strEmail | strMonthOfBirth | strDayOfBirth | strYearOfBirth | strLanguages | strCity | strCodPostal | strMobileDevice | strModel | strOS | strPassword | strConfirmPassword |
| Juan David | Botero | soundga337@yahoo.es | number:1 | 12 | 1999 | Albanian,Spanish | Col Bello Antioquia, Colombia | 051050 | Samsung | Reality | BREW | Martinez1985++ | Martinez1985++ | [Juan registration one [Juan enters 'Juan David' into Where the user writes their first name, Juan enters 'Botero' into Where the user writes their last name, Juan enters 'soundga337@yahoo.es' into Where the user writes their email, Juan enters 'number:1' into Where the user selects their birth month, Juan enters '12' into Where the user writes their birth day, Juan enters '1999' into Where the user writes their birth year, Juan clicks on Lenguages div, Juan clicks on Specific language option, Juan clicks on Lenguages div, Juan clicks on Specific language option, Juan clicks on Button that shows us the next signup form page], Juan registration two [Juan enters 'Col Bello Antioquia, Colombia' into Where the user selects their location/city, Juan types 'ARROW_DOWN' in Where the user selects their location/city, Juan types 'ENTER' in Where the user selects their location/city, Juan enters '051050' into Where the user puts their postal code, Juan clicks on Button that shows us the next signup form page], Juan registration three [Juan clicks on Mobile device input, Juan clicks on Especific mobile device option, Juan clicks on Mobile device model input, Juan clicks on Especific model option, Juan clicks on Mobile device operating system input, Juan clicks on Specific operating system option, Juan clicks on Button that shows us the last signup form page], Juan registration four [Juan enters 'Martinez1985++' into Where the user writes their password, Juan enters 'Martinez1985++' into Where the user confirms their password, Juan clicks on Where the user accepts the uTest Terms of Use, Juan clicks on Where the user accepts the uTest Privacy Policy, Juan clicks on Button that completes the setup]]]
[Test worker] WARN net.thucydides.core.steps.BaseStepListener - stepFinished: current outcome:Sign up to uTest:Example: {strFirstName=Juan David, strLastName=Botero, strEmail=soundga337@yahoo.es, strMonthOfBirth=number:1, strDayOfBirth=12, strYearOfBirth=1999, strLanguages=Albanian,Spanish, strCity=Col Bello Antioquia, Colombia, strCodPostal=051050, strMobileDevice=Samsung, strModel=Reality, strOS=BREW, strPassword=Martinez1985++, strConfirmPassword=Martinez1985++} [Given than Juan wants to sign up to the uTest site [Juan open up [Juan opens the U test page, Juan clicks on Button that shows us the signup form]], When he fills out the signup form
| strFirstName | strLastName | strEmail | strMonthOfBirth | strDayOfBirth | strYearOfBirth | strLanguages | strCity | strCodPostal | strMobileDevice | strModel | strOS | strPassword | strConfirmPassword |
| Juan David | Botero | soundga337@yahoo.es | number:1 | 12 | 1999 | Albanian,Spanish | Col Bello Antioquia, Colombia | 051050 | Samsung | Reality | BREW | Martinez1985++ | Martinez1985++ | [Juan registration one [Juan enters 'Juan David' into Where the user writes their first name, Juan enters 'Botero' into Where the user writes their last name, Juan enters 'soundga337@yahoo.es' into Where the user writes their email, Juan enters 'number:1' into Where the user selects their birth month, Juan enters '12' into Where the user writes their birth day, Juan enters '1999' into Where the user writes their birth year, Juan clicks on Lenguages div, Juan clicks on Specific language option, Juan clicks on Lenguages div, Juan clicks on Specific language option, Juan clicks on Button that shows us the next signup form page], Juan registration two [Juan enters 'Col Bello Antioquia, Colombia' into Where the user selects their location/city, Juan types 'ARROW_DOWN' in Where the user selects their location/city, Juan types 'ENTER' in Where the user selects their location/city, Juan enters '051050' into Where the user puts their postal code, Juan clicks on Button that shows us the next signup form page], Juan registration three [Juan clicks on Mobile device input, Juan clicks on Especific mobile device option, Juan clicks on Mobile device model input, Juan clicks on Especific model option, Juan clicks on Mobile device operating system input, Juan clicks on Specific operating system option, Juan clicks on Button that shows us the last signup form page], Juan registration four [Juan enters 'Martinez1985++' into Where the user writes their password, Juan enters 'Martinez1985++' into Where the user confirms their password, Juan clicks on Where the user accepts the uTest Terms of Use, Juan clicks on Where the user accepts the uTest Privacy Policy, Juan clicks on Button that completes the setup]]]
[Test worker] WARN net.thucydides.core.steps.BaseStepListener - stepFinished: current outcome:Sign up to uTest:Example: {strFirstName=Juan David, strLastName=Botero, strEmail=soundga337@yahoo.es, strMonthOfBirth=number:1, strDayOfBirth=12, strYearOfBirth=1999, strLanguages=Albanian,Spanish, strCity=Col Bello Antioquia, Colombia, strCodPostal=051050, strMobileDevice=Samsung, strModel=Reality, strOS=BREW, strPassword=Martinez1985++, strConfirmPassword=Martinez1985++} [Given than Juan wants to sign up to the uTest site [Juan open up [Juan opens the U test page, Juan clicks on Button that shows us the signup form]], When he fills out the signup form
| strFirstName | strLastName | strEmail | strMonthOfBirth | strDayOfBirth | strYearOfBirth | strLanguages | strCity | strCodPostal | strMobileDevice | strModel | strOS | strPassword | strConfirmPassword |
| Juan David | Botero | soundga337@yahoo.es | number:1 | 12 | 1999 | Albanian,Spanish | Col Bello Antioquia, Colombia | 051050 | Samsung | Reality | BREW | Martinez1985++ | Martinez1985++ | [Juan registration one [Juan enters 'Juan David' into Where the user writes their first name, Juan enters 'Botero' into Where the user writes their last name, Juan enters 'soundga337@yahoo.es' into Where the user writes their email, Juan enters 'number:1' into Where the user selects their birth month, Juan enters '12' into Where the user writes their birth day, Juan enters '1999' into Where the user writes their birth year, Juan clicks on Lenguages div, Juan clicks on Specific language option, Juan clicks on Lenguages div, Juan clicks on Specific language option, Juan clicks on Button that shows us the next signup form page], Juan registration two [Juan enters 'Col Bello Antioquia, Colombia' into Where the user selects their location/city, Juan types 'ARROW_DOWN' in Where the user selects their location/city, Juan types 'ENTER' in Where the user selects their location/city, Juan enters '051050' into Where the user puts their postal code, Juan clicks on Button that shows us the next signup form page], Juan registration three [Juan clicks on Mobile device input, Juan clicks on Especific mobile device option, Juan clicks on Mobile device model input, Juan clicks on Especific model option, Juan clicks on Mobile device operating system input, Juan clicks on Specific operating system option, Juan clicks on Button that shows us the last signup form page], Juan registration four [Juan enters 'Martinez1985++' into Where the user writes their password, Juan enters 'Martinez1985++' into Where the user confirms their password, Juan clicks on Where the user accepts the uTest Terms of Use, Juan clicks on Where the user accepts the uTest Privacy Policy, Juan clicks on Button that completes the setup]]]
[Test worker] WARN net.thucydides.core.steps.BaseStepListener - stepStarted: net.thucydides.core.steps.ExecutedStepDescription@5f754256
[Test worker] WARN net.thucydides.core.steps.BaseStepListener - stepStarted: net.thucydides.core.steps.ExecutedStepDescription@14b2e4cf
[Test worker] WARN net.thucydides.core.steps.BaseStepListener - testFinished: Sign up to uTest:Example: {strFirstName=Juan David, strLastName=Botero, strEmail=soundga337@yahoo.es, strMonthOfBirth=number:1, strDayOfBirth=12, strYearOfBirth=1999, strLanguages=Albanian,Spanish, strCity=Col Bello Antioquia, Colombia, strCodPostal=051050, strMobileDevice=Samsung, strModel=Reality, strOS=BREW, strPassword=Martinez1985++, strConfirmPassword=Martinez1985++} [Given than Juan wants to sign up to the uTest site [Juan open up [Juan opens the U test page, Juan clicks on Button that shows us the signup form]], When he fills out the signup form
| strFirstName | strLastName | strEmail | strMonthOfBirth | strDayOfBirth | strYearOfBirth | strLanguages | strCity | strCodPostal | strMobileDevice | strModel | strOS | strPassword | strConfirmPassword |
| Juan David | Botero | soundga337@yahoo.es | number:1 | 12 | 1999 | Albanian,Spanish | Col Bello Antioquia, Colombia | 051050 | Samsung | Reality | BREW | Martinez1985++ | Martinez1985++ | [Juan registration one [Juan enters 'Juan David' into Where the user writes their first name, Juan enters 'Botero' into Where the user writes their last name, Juan enters 'soundga337@yahoo.es' into Where the user writes their email, Juan enters 'number:1' into Where the user selects their birth month, Juan enters '12' into Where the user writes their birth day, Juan enters '1999' into Where the user writes their birth year, Juan clicks on Lenguages div, Juan clicks on Specific language option, Juan clicks on Lenguages div, Juan clicks on Specific language option, Juan clicks on Button that shows us the next signup form page], Juan registration two [Juan enters 'Col Bello Antioquia, Colombia' into Where the user selects their location/city, Juan types 'ARROW_DOWN' in Where the user selects their location/city, Juan types 'ENTER' in Where the user selects their location/city, Juan enters '051050' into Where the user puts their postal code, Juan clicks on Button that shows us the next signup form page], Juan registration three [Juan clicks on Mobile device input, Juan clicks on Especific mobile device option, Juan clicks on Mobile device model input, Juan clicks on Especific model option, Juan clicks on Mobile device operating system input, Juan clicks on Specific operating system option, Juan clicks on Button that shows us the last signup form page], Juan registration four [Juan enters 'Martinez1985++' into Where the user writes their password, Juan enters 'Martinez1985++' into Where the user confirms their password, Juan clicks on Where the user accepts the uTest Terms of Use, Juan clicks on Where the user accepts the uTest Privacy Policy, Juan clicks on Button that completes the setup]], Then he has registered on the website and receives a message Welcome to the world's  community of freelance software testers! [Then the text should be 'Welcome to the world's  community of freelance software testers!']]
[Test worker] WARN net.thucydides.core.steps.BaseStepListener - TestOutcomes: [Sign up to uTest:Example: {strFirstName=Juan David, strLastName=Botero, strEmail=soundga337@yahoo.es, strMonthOfBirth=number:1, strDayOfBirth=12, strYearOfBirth=1999, strLanguages=Albanian,Spanish, strCity=Col Bello Antioquia, Colombia, strCodPostal=051050, strMobileDevice=Samsung, strModel=Reality, strOS=BREW, strPassword=Martinez1985++, strConfirmPassword=Martinez1985++} [Given than Juan wants to sign up to the uTest site [Juan open up [Juan opens the U test page, Juan clicks on Button that shows us the signup form]], When he fills out the signup form
| strFirstName | strLastName | strEmail | strMonthOfBirth | strDayOfBirth | strYearOfBirth | strLanguages | strCity | strCodPostal | strMobileDevice | strModel | strOS | strPassword | strConfirmPassword |
| Juan David | Botero | soundga337@yahoo.es | number:1 | 12 | 1999 | Albanian,Spanish | Col Bello Antioquia, Colombia | 051050 | Samsung | Reality | BREW | Martinez1985++ | Martinez1985++ | [Juan registration one [Juan enters 'Juan David' into Where the user writes their first name, Juan enters 'Botero' into Where the user writes their last name, Juan enters 'soundga337@yahoo.es' into Where the user writes their email, Juan enters 'number:1' into Where the user selects their birth month, Juan enters '12' into Where the user writes their birth day, Juan enters '1999' into Where the user writes their birth year, Juan clicks on Lenguages div, Juan clicks on Specific language option, Juan clicks on Lenguages div, Juan clicks on Specific language option, Juan clicks on Button that shows us the next signup form page], Juan registration two [Juan enters 'Col Bello Antioquia, Colombia' into Where the user selects their location/city, Juan types 'ARROW_DOWN' in Where the user selects their location/city, Juan types 'ENTER' in Where the user selects their location/city, Juan enters '051050' into Where the user puts their postal code, Juan clicks on Button that shows us the next signup form page], Juan registration three [Juan clicks on Mobile device input, Juan clicks on Especific mobile device option, Juan clicks on Mobile device model input, Juan clicks on Especific model option, Juan clicks on Mobile device operating system input, Juan clicks on Specific operating system option, Juan clicks on Button that shows us the last signup form page], Juan registration four [Juan enters 'Martinez1985++' into Where the user writes their password, Juan enters 'Martinez1985++' into Where the user confirms their password, Juan clicks on Where the user accepts the uTest Terms of Use, Juan clicks on Where the user accepts the uTest Privacy Policy, Juan clicks on Button that completes the setup]], Then he has registered on the website and receives a message Welcome to the world's  community of freelance software testers! [Then the text should be 'Welcome to the world's  community of freelance software testers!']]]
[Test worker] WARN net.thucydides.core.steps.BaseStepListener - Final testOutcomes: [Sign up to uTest:Example: {strFirstName=Juan David, strLastName=Botero, strEmail=soundga337@yahoo.es, strMonthOfBirth=number:1, strDayOfBirth=12, strYearOfBirth=1999, strLanguages=Albanian,Spanish, strCity=Col Bello Antioquia, Colombia, strCodPostal=051050, strMobileDevice=Samsung, strModel=Reality, strOS=BREW, strPassword=Martinez1985++, strConfirmPassword=Martinez1985++} [Given than Juan wants to sign up to the uTest site [Juan open up [Juan opens the U test page, Juan clicks on Button that shows us the signup form]], When he fills out the signup form
| strFirstName | strLastName | strEmail | strMonthOfBirth | strDayOfBirth | strYearOfBirth | strLanguages | strCity | strCodPostal | strMobileDevice | strModel | strOS | strPassword | strConfirmPassword |
| Juan David | Botero | soundga337@yahoo.es | number:1 | 12 | 1999 | Albanian,Spanish | Col Bello Antioquia, Colombia | 051050 | Samsung | Reality | BREW | Martinez1985++ | Martinez1985++ | [Juan registration one [Juan enters 'Juan David' into Where the user writes their first name, Juan enters 'Botero' into Where the user writes their last name, Juan enters 'soundga337@yahoo.es' into Where the user writes their email, Juan enters 'number:1' into Where the user selects their birth month, Juan enters '12' into Where the user writes their birth day, Juan enters '1999' into Where the user writes their birth year, Juan clicks on Lenguages div, Juan clicks on Specific language option, Juan clicks on Lenguages div, Juan clicks on Specific language option, Juan clicks on Button that shows us the next signup form page], Juan registration two [Juan enters 'Col Bello Antioquia, Colombia' into Where the user selects their location/city, Juan types 'ARROW_DOWN' in Where the user selects their location/city, Juan types 'ENTER' in Where the user selects their location/city, Juan enters '051050' into Where the user puts their postal code, Juan clicks on Button that shows us the next signup form page], Juan registration three [Juan clicks on Mobile device input, Juan clicks on Especific mobile device option, Juan clicks on Mobile device model input, Juan clicks on Especific model option, Juan clicks on Mobile device operating system input, Juan clicks on Specific operating system option, Juan clicks on Button that shows us the last signup form page], Juan registration four [Juan enters 'Martinez1985++' into Where the user writes their password, Juan enters 'Martinez1985++' into Where the user confirms their password, Juan clicks on Where the user accepts the uTest Terms of Use, Juan clicks on Where the user accepts the uTest Privacy Policy, Juan clicks on Button that completes the setup]], Then he has registered on the website and receives a message Welcome to the world's  community of freelance software testers! [Then the text should be 'Welcome to the world's  community of freelance software testers!']]]
[Test worker] ERROR net.thucydides.core.steps.ConsoleLoggingListener - 
           __  _____ _____ ____ _____   _____ _    ___ _     _____ ____  
  _       / / |_   _| ____/ ___|_   _| |  ___/ \  |_ _| |   | ____|  _ \ 
 (_)_____| |    | | |  _| \___ \ | |   | |_ / _ \  | || |   |  _| | | | |
  _|_____| |    | | | |___ ___) || |   |  _/ ___ \ | || |___| |___| |_| |
 (_)     | |    |_| |_____|____/ |_|   |_|/_/   \_\___|_____|_____|____/ 
          \_\                                                            

TEST FAILED: Sign up to uTest
--------------------------------------------------------------------------
[Test worker] ERROR net.thucydides.core.steps.ConsoleLoggingListener - TEST FAILED AT STEP Then the text should be 'Welcome to the world's community of freelance software testers!'
[Test worker] ERROR net.thucydides.core.steps.ConsoleLoggingListener - Status no equals, expect "%s", actual "%s" - Expected: is "Welcome to the world's  community of freelance software testers!" but: was "Welcome to the world's largest community of freelance software testers!"
]]></system-err>
</testsuite>
